2025-12-08 17:36:01 [restartedMain] INFO  com.example.demo.DemoApplication - Starting DemoApplication using Java 1.8.0_281 on SC-201910250949 with PID 6384 (E:\yh_soft\zuoyananlonghui_java\code\target\classes started by Administrator in E:\yh_soft\zuoyananlonghui_java\code)
2025-12-08 17:36:01 [restartedMain] INFO  com.example.demo.DemoApplication - The following 2 profiles are active: "qr", "dev"
2025-12-08 17:36:02 [restartedMain] INFO  o.s.b.d.e.DevToolsPropertyDefaultsPostProcessor - Devtools property defaults active! Set 'spring.devtools.add-properties' to 'false' to disable
2025-12-08 17:36:02 [restartedMain] INFO  o.s.b.d.e.DevToolsPropertyDefaultsPostProcessor - For additional web related logging consider setting the 'logging.level.web' property to 'DEBUG'
2025-12-08 17:36:05 [restartedMain] INFO  o.s.b.w.e.tomcat.TomcatWebServer - Tomcat initialized with port(s): 9096 (http)
2025-12-08 17:36:05 [restartedMain] INFO  o.a.c.core.AprLifecycleListener - An older version [1.2.25] of the Apache Tomcat Native library is installed, while Tomcat recommends a minimum version of [1.2.30]
2025-12-08 17:36:05 [restartedMain] INFO  o.a.c.core.AprLifecycleListener - Loaded Apache Tomcat Native library [1.2.25] using APR version [1.7.0].
2025-12-08 17:36:05 [restartedMain] INFO  o.a.c.core.AprLifecycleListener - APR capabilities: IPv6 [true], sendfile [true], accept filters [false], random [true], UDS [false].
2025-12-08 17:36:05 [restartedMain] INFO  o.a.c.core.AprLifecycleListener - APR/OpenSSL configuration: useAprConnector [false], useOpenSSL [true]
2025-12-08 17:36:05 [restartedMain] INFO  o.a.c.core.AprLifecycleListener - OpenSSL successfully initialized [OpenSSL 1.1.1g  21 Apr 2020]
2025-12-08 17:36:05 [restartedMain] INFO  o.a.catalina.core.StandardService - Starting service [Tomcat]
2025-12-08 17:36:05 [restartedMain] INFO  o.a.catalina.core.StandardEngine - Starting Servlet engine: [Apache Tomcat/9.0.65]
2025-12-08 17:36:06 [restartedMain] INFO  o.a.c.c.C.[Tomcat].[localhost].[/] - Initializing Spring embedded WebApplicationContext
2025-12-08 17:36:06 [restartedMain] INFO  o.s.b.w.s.c.ServletWebServerApplicationContext - Root WebApplicationContext: initialization completed in 4040 ms
2025-12-08 17:36:10 [restartedMain] INFO  c.b.d.d.DynamicRoutingDataSource - dynamic-datasource - add a datasource named [druid] success
2025-12-08 17:36:10 [restartedMain] INFO  c.b.d.d.DynamicRoutingDataSource - dynamic-datasource - add a datasource named [softtime] success
2025-12-08 17:36:10 [restartedMain] INFO  c.b.d.d.DynamicRoutingDataSource - dynamic-datasource initial loaded [2] datasource,primary datasource named [druid]
2025-12-08 17:36:13 [restartedMain] INFO  o.s.b.a.w.s.WelcomePageHandlerMapping - Adding welcome page: class path resource [templates/index.html]
2025-12-08 17:36:14 [restartedMain] INFO  o.s.b.d.a.OptionalLiveReloadServer - LiveReload server is running on port 35729
2025-12-08 17:36:14 [restartedMain] INFO  o.s.b.w.e.tomcat.TomcatWebServer - Tomcat started on port(s): 9096 (http) with context path ''
2025-12-08 17:36:14 [restartedMain] INFO  com.example.demo.DemoApplication - Started DemoApplication in 14.062 seconds (JVM running for 18.916)
